{"name": "test_mp_login[120111111112-246810-python]", "status": "broken", "statusDetails": {"message": "selenium.common.exceptions.TimeoutException: Message: \nStacktrace:\n\tGetHandleVerifier [0x00007FF74DE7B095+29557]\n\t(No symbol) [0x00007FF74DDEFA50]\n\t(No symbol) [0x00007FF74DCAB56A]\n\t(No symbol) [0x00007FF74DCFF695]\n\t(No symbol) [0x00007FF74DCFF8EC]\n\t(No symbol) [0x00007FF74DD4B777]\n\t(No symbol) [0x00007FF74DD271CF]\n\t(No symbol) [0x00007FF74DD4851C]\n\t(No symbol) [0x00007FF74DD26F33]\n\t(No symbol) [0x00007FF74DCF116F]\n\t(No symbol) [0x00007FF74DCF22D1]\n\tGetHandleVerifier [0x00007FF74E1AC96D+3378253]\n\tGetHandleVerifier [0x00007FF74E1F8497+3688311]\n\tGetHandleVerifier [0x00007FF74E1ED1CB+3642539]\n\tGetHandleVerifier [0x00007FF74DF3A6B6+813462]\n\t(No symbol) [0x00007FF74DDFAB5F]\n\t(No symbol) [0x00007FF74DDF6B74]\n\t(No symbol) [0x00007FF74DDF6D10]\n\t(No symbol) [0x00007FF74DDE5C1F]\n\tBaseThreadInitThunk [0x00007FFDBEFF257D+29]\n\tRtlUserThreadStart [0x00007FFDC02EAF08+40]", "trace": "self = <scripts.test01_mp_login.TestMPLogin object at 0x00000226DB769A50>, username = '120111111112', code = '246810', expect = 'python'\n\n    @pytest.mark.parametrize(\"username,code,expect\", read_yaml(\"mp_login.yaml\"))\n    \n    def test_mp_login(self, username, code, expect):\n        # 调用登陆业务方法\n        self.mp.page_mp_login(username, code)\n        try:\n            # 断言\n>           assert expect == self.mp.page_get_nickname()\n\nscripts\\test01_mp_login.py:31: \n_ _ _ _ _ _ _ _ _ _ _ _ _ _ _ _ _ _ _ _ _ _ _ _ _ _ _ _ _ _ _ _ _ _ _ _ _ _ _ _ _ _ _ _ _ _ _ _ _ _ _ _ _ _ _ _ _ _ _ _ _ _ _ _ _ _ _ _ _ _ _ \npage\\page_mp_login.py:30: in page_get_nickname\n    return self.base_get_text(page.mp_nickname)\nbase\\base.py:76: in base_get_text\n    t = self.base_find(loc).text\nbase\\base.py:29: in base_find\n    poll_frequency=poll).until(lambda d:d.find_element(*loc))\n_ _ _ _ _ _ _ _ _ _ _ _ _ _ _ _ _ _ _ _ _ _ _ _ _ _ _ _ _ _ _ _ _ _ _ _ _ _ _ _ _ _ _ _ _ _ _ _ _ _ _ _ _ _ _ _ _ _ _ _ _ _ _ _ _ _ _ _ _ _ _ \n\nself = <selenium.webdriver.support.wait.WebDriverWait (session=\"a03caf69cc6ab8b18bfd6415ea787c1d\")>\nmethod = <function Base.base_find.<locals>.<lambda> at 0x00000226DB227C70>, message = ''\n\n    def until(self, method: Callable[[D], Union[Literal[False], T]], message: str = \"\") -> T:\n        \"\"\"Calls the method provided with the driver as an argument until the \\\n        return value does not evaluate to ``False``.\n    \n        :param method: callable(WebDriver)\n        :param message: optional message for :exc:`TimeoutException`\n        :returns: the result of the last call to `method`\n        :raises: :exc:`selenium.common.exceptions.TimeoutException` if timeout occurs\n        \"\"\"\n        screen = None\n        stacktrace = None\n    \n        end_time = time.monotonic() + self._timeout\n        while True:\n            try:\n                value = method(self._driver)\n                if value:\n                    return value\n            except self._ignored_exceptions as exc:\n                screen = getattr(exc, \"screen\", None)\n                stacktrace = getattr(exc, \"stacktrace\", None)\n            time.sleep(self._poll)\n            if time.monotonic() > end_time:\n                break\n>       raise TimeoutException(message, screen, stacktrace)\nE       selenium.common.exceptions.TimeoutException: Message: \nE       Stacktrace:\nE       \tGetHandleVerifier [0x00007FF74DE7B095+29557]\nE       \t(No symbol) [0x00007FF74DDEFA50]\nE       \t(No symbol) [0x00007FF74DCAB56A]\nE       \t(No symbol) [0x00007FF74DCFF695]\nE       \t(No symbol) [0x00007FF74DCFF8EC]\nE       \t(No symbol) [0x00007FF74DD4B777]\nE       \t(No symbol) [0x00007FF74DD271CF]\nE       \t(No symbol) [0x00007FF74DD4851C]\nE       \t(No symbol) [0x00007FF74DD26F33]\nE       \t(No symbol) [0x00007FF74DCF116F]\nE       \t(No symbol) [0x00007FF74DCF22D1]\nE       \tGetHandleVerifier [0x00007FF74E1AC96D+3378253]\nE       \tGetHandleVerifier [0x00007FF74E1F8497+3688311]\nE       \tGetHandleVerifier [0x00007FF74E1ED1CB+3642539]\nE       \tGetHandleVerifier [0x00007FF74DF3A6B6+813462]\nE       \t(No symbol) [0x00007FF74DDFAB5F]\nE       \t(No symbol) [0x00007FF74DDF6B74]\nE       \t(No symbol) [0x00007FF74DDF6D10]\nE       \t(No symbol) [0x00007FF74DDE5C1F]\nE       \tBaseThreadInitThunk [0x00007FFDBEFF257D+29]\nE       \tRtlUserThreadStart [0x00007FFDC02EAF08+40]\n\nE:\\Program Files\\anaconda3\\lib\\site-packages\\selenium\\webdriver\\support\\wait.py:105: TimeoutException"}, "attachments": [{"name": 